<?xml version="1.0" encoding="UTF-8"?>
<testsuite name="com.cuscuzcomjava.remotecontroller.RemotecontrollerApplicationTests" tests="1" skipped="0" failures="0" errors="0" timestamp="2020-11-10T19:23:29" hostname="joel-VivoBook-ASUSLaptop-X509DA-X509DA" time="0.174">
  <properties/>
  <testcase name="contextLoads()" classname="com.cuscuzcomjava.remotecontroller.RemotecontrollerApplicationTests" time="0.174"/>
  <system-out><![CDATA[16:23:23.617 [Test worker] DEBUG org.springframework.test.context.BootstrapUtils - Instantiating CacheAwareContextLoaderDelegate from class [org.springframework.test.context.cache.DefaultCacheAwareContextLoaderDelegate]
16:23:23.632 [Test worker] DEBUG org.springframework.test.context.BootstrapUtils - Instantiating BootstrapContext using constructor [public org.springframework.test.context.support.DefaultBootstrapContext(java.lang.Class,org.springframework.test.context.CacheAwareContextLoaderDelegate)]
16:23:23.663 [Test worker] DEBUG org.springframework.test.context.BootstrapUtils - Instantiating TestContextBootstrapper for test class [com.cuscuzcomjava.remotecontroller.RemotecontrollerApplicationTests] from class [org.springframework.boot.test.context.SpringBootTestContextBootstrapper]
16:23:23.678 [Test worker] INFO org.springframework.boot.test.context.SpringBootTestContextBootstrapper - Neither @ContextConfiguration nor @ContextHierarchy found for test class [com.cuscuzcomjava.remotecontroller.RemotecontrollerApplicationTests], using SpringBootContextLoader
16:23:23.683 [Test worker] DEBUG org.springframework.test.context.support.AbstractContextLoader - Did not detect default resource location for test class [com.cuscuzcomjava.remotecontroller.RemotecontrollerApplicationTests]: class path resource [com/cuscuzcomjava/remotecontroller/RemotecontrollerApplicationTests-context.xml] does not exist
16:23:23.684 [Test worker] DEBUG org.springframework.test.context.support.AbstractContextLoader - Did not detect default resource location for test class [com.cuscuzcomjava.remotecontroller.RemotecontrollerApplicationTests]: class path resource [com/cuscuzcomjava/remotecontroller/RemotecontrollerApplicationTestsContext.groovy] does not exist
16:23:23.684 [Test worker] INFO org.springframework.test.context.support.AbstractContextLoader - Could not detect default resource locations for test class [com.cuscuzcomjava.remotecontroller.RemotecontrollerApplicationTests]: no resource found for suffixes {-context.xml, Context.groovy}.
16:23:23.685 [Test worker] INFO org.springframework.test.context.support.AnnotationConfigContextLoaderUtils - Could not detect default configuration classes for test class [com.cuscuzcomjava.remotecontroller.RemotecontrollerApplicationTests]: RemotecontrollerApplicationTests does not declare any static, non-private, non-final, nested classes annotated with @Configuration.
16:23:23.730 [Test worker] DEBUG org.springframework.test.context.support.ActiveProfilesUtils - Could not find an 'annotation declaring class' for annotation type [org.springframework.test.context.ActiveProfiles] and class [com.cuscuzcomjava.remotecontroller.RemotecontrollerApplicationTests]
16:23:23.793 [Test worker] DEBUG org.springframework.context.annotation.ClassPathScanningCandidateComponentProvider - Identified candidate component class: file [/home/joel/Documentos/remotecontroller/build/classes/java/main/com/cuscuzcomjava/remotecontroller/RemotecontrollerApplication.class]
16:23:23.795 [Test worker] INFO org.springframework.boot.test.context.SpringBootTestContextBootstrapper - Found @SpringBootConfiguration com.cuscuzcomjava.remotecontroller.RemotecontrollerApplication for test class com.cuscuzcomjava.remotecontroller.RemotecontrollerApplicationTests
16:23:23.951 [Test worker] DEBUG org.springframework.boot.test.context.SpringBootTestContextBootstrapper - @TestExecutionListeners is not present for class [com.cuscuzcomjava.remotecontroller.RemotecontrollerApplicationTests]: using defaults.
16:23:23.952 [Test worker] INFO org.springframework.boot.test.context.SpringBootTestContextBootstrapper - Loaded default TestExecutionListener class names from location [META-INF/spring.factories]: [org.springframework.security.test.context.support.WithSecurityContextTestExecutionListener, org.springframework.security.test.context.support.ReactorContextTestExecutionListener, org.springframework.boot.test.autoconfigure.restdocs.RestDocsTestExecutionListener, org.springframework.boot.test.autoconfigure.web.client.MockRestServiceServerResetTestExecutionListener, org.springframework.boot.test.autoconfigure.web.servlet.MockMvcPrintOnlyOnFailureTestExecutionListener, org.springframework.boot.test.autoconfigure.web.servlet.WebDriverTestExecutionListener, org.springframework.boot.test.autoconfigure.webservices.client.MockWebServiceServerTestExecutionListener, org.springframework.boot.test.mock.mockito.MockitoTestExecutionListener, org.springframework.boot.test.mock.mockito.ResetMocksTestExecutionListener, org.springframework.test.context.web.ServletTestExecutionListener, org.springframework.test.context.support.DirtiesContextBeforeModesTestExecutionListener, org.springframework.test.context.support.DependencyInjectionTestExecutionListener, org.springframework.test.context.support.DirtiesContextTestExecutionListener, org.springframework.test.context.transaction.TransactionalTestExecutionListener, org.springframework.test.context.jdbc.SqlScriptsTestExecutionListener, org.springframework.test.context.event.EventPublishingTestExecutionListener]
16:23:23.976 [Test worker] INFO org.springframework.boot.test.context.SpringBootTestContextBootstrapper - Using TestExecutionListeners: [org.springframework.test.context.web.ServletTestExecutionListener@6b8c44e3, org.springframework.test.context.support.DirtiesContextBeforeModesTestExecutionListener@643fa18a, org.springframework.boot.test.mock.mockito.MockitoTestExecutionListener@41115f26, org.springframework.boot.test.autoconfigure.SpringBootDependencyInjectionTestExecutionListener@452dee54, org.springframework.test.context.support.DirtiesContextTestExecutionListener@4c0f114e, org.springframework.test.context.transaction.TransactionalTestExecutionListener@5525cab4, org.springframework.test.context.jdbc.SqlScriptsTestExecutionListener@1e065759, org.springframework.security.test.context.support.WithSecurityContextTestExecutionListener@34734583, org.springframework.test.context.event.EventPublishingTestExecutionListener@42a722, org.springframework.security.test.context.support.ReactorContextTestExecutionListener@7bc9adf4, org.springframework.boot.test.autoconfigure.restdocs.RestDocsTestExecutionListener@5759814b, org.springframework.boot.test.autoconfigure.web.client.MockRestServiceServerResetTestExecutionListener@79a8897e, org.springframework.boot.test.autoconfigure.web.servlet.MockMvcPrintOnlyOnFailureTestExecutionListener@6c465ade, org.springframework.boot.test.autoconfigure.web.servlet.WebDriverTestExecutionListener@5ad6fcaf, org.springframework.boot.test.autoconfigure.webservices.client.MockWebServiceServerTestExecutionListener@411e7d67, org.springframework.boot.test.mock.mockito.ResetMocksTestExecutionListener@7c40ff43]
16:23:23.980 [Test worker] DEBUG org.springframework.test.context.support.AbstractDirtiesContextTestExecutionListener - Before test class: context [DefaultTestContext@61ac1683 testClass = RemotecontrollerApplicationTests, testInstance = [null], testMethod = [null], testException = [null], mergedContextConfiguration = [WebMergedContextConfiguration@5d290dfa testClass = RemotecontrollerApplicationTests, locations = '{}', classes = '{class com.cuscuzcomjava.remotecontroller.RemotecontrollerApplication}', contextInitializerClasses = '[]', activeProfiles = '{}', propertySourceLocations = '{}', propertySourceProperties = '{org.springframework.boot.test.context.SpringBootTestContextBootstrapper=true}', contextCustomizers = set[org.springframework.boot.test.autoconfigure.properties.PropertyMappingContextCustomizer@0, org.springframework.boot.test.autoconfigure.web.servlet.WebDriverContextCustomizerFactory$Customizer@194d3beb, org.springframework.boot.test.context.filter.ExcludeFilterContextCustomizer@73f2b0f2, org.springframework.boot.test.json.DuplicateJsonObjectContextCustomizerFactory$DuplicateJsonObjectContextCustomizer@14a3c045, org.springframework.boot.test.mock.mockito.MockitoContextCustomizer@0, org.springframework.boot.test.web.client.TestRestTemplateContextCustomizer@b9a1979, org.springframework.boot.test.context.SpringBootTestArgs@1], resourceBasePath = 'src/main/webapp', contextLoader = 'org.springframework.boot.test.context.SpringBootContextLoader', parent = [null]], attributes = map['org.springframework.test.context.web.ServletTestExecutionListener.activateListener' -> true]], class annotated with @DirtiesContext [false] with mode [null].
16:23:24.021 [Test worker] DEBUG org.springframework.test.context.support.TestPropertySourceUtils - Adding inlined properties to environment: {spring.jmx.enabled=false, org.springframework.boot.test.context.SpringBootTestContextBootstrapper=true}

  .   ____          _            __ _ _
 /\\ / ___'_ __ _ _(_)_ __  __ _ \ \ \ \
( ( )\___ | '_ | '_| | '_ \/ _` | \ \ \ \
 \\/  ___)| |_)| | | | | || (_| |  ) ) ) )
  '  |____| .__|_| |_|_| |_\__, | / / / /
 =========|_|==============|___/=/_/_/_/
 :: Spring Boot ::        (v2.3.4.RELEASE)

2020-11-10 16:23:24.766  INFO 13719 --- [    Test worker] c.c.r.RemotecontrollerApplicationTests   : Starting RemotecontrollerApplicationTests on joel-VivoBook-ASUSLaptop-X509DA-X509DA with PID 13719 (started by joel in /home/joel/Documentos/remotecontroller)
2020-11-10 16:23:24.768  INFO 13719 --- [    Test worker] c.c.r.RemotecontrollerApplicationTests   : The following profiles are active: teste
2020-11-10 16:23:26.170  INFO 13719 --- [    Test worker] .s.d.r.c.RepositoryConfigurationDelegate : Bootstrapping Spring Data JPA repositories in DEFERRED mode.
2020-11-10 16:23:26.329  INFO 13719 --- [    Test worker] .s.d.r.c.RepositoryConfigurationDelegate : Finished Spring Data repository scanning in 148ms. Found 4 JPA repository interfaces.
2020-11-10 16:23:27.213  INFO 13719 --- [    Test worker] o.s.s.concurrent.ThreadPoolTaskExecutor  : Initializing ExecutorService 'applicationTaskExecutor'
2020-11-10 16:23:27.231  INFO 13719 --- [    Test worker] com.zaxxer.hikari.HikariDataSource       : HikariPool-1 - Starting...
2020-11-10 16:23:27.428  INFO 13719 --- [    Test worker] com.zaxxer.hikari.HikariDataSource       : HikariPool-1 - Start completed.
2020-11-10 16:23:27.559  INFO 13719 --- [         task-1] o.hibernate.jpa.internal.util.LogHelper  : HHH000204: Processing PersistenceUnitInfo [name: default]
2020-11-10 16:23:27.610  INFO 13719 --- [         task-1] org.hibernate.Version                    : HHH000412: Hibernate ORM core version 5.4.21.Final
2020-11-10 16:23:27.909  INFO 13719 --- [         task-1] o.hibernate.annotations.common.Version   : HCANN000001: Hibernate Commons Annotations {5.1.0.Final}
2020-11-10 16:23:28.418  INFO 13719 --- [         task-1] org.hibernate.dialect.Dialect            : HHH000400: Using dialect: org.hibernate.dialect.H2Dialect
2020-11-10 16:23:28.665  INFO 13719 --- [    Test worker] o.s.b.a.h2.H2ConsoleAutoConfiguration    : H2 console available at '/h2-console'. Database available at 'jdbc:h2:mem:testdb'
2020-11-10 16:23:29.191  INFO 13719 --- [    Test worker] DeferredRepositoryInitializationListener : Triggering deferred initialization of Spring Data repositories…
Hibernate: 
    
    drop table if exists actress CASCADE 
Hibernate: 
    
    drop table if exists producer CASCADE 
Hibernate: 
    
    drop table if exists reserve CASCADE 
Hibernate: 
    
    drop table if exists user CASCADE 
Hibernate: 
    
    drop sequence if exists hibernate_sequence
Hibernate: create sequence hibernate_sequence start with 1 increment by 1
Hibernate: 
    
    create table actress (
       id bigint not null,
        gender varchar(255),
        genre varchar(255),
        name varchar(255),
        price double,
        relevance integer,
        status boolean,
        user_id bigint,
        primary key (id)
    )
Hibernate: 
    
    create table producer (
       id bigint not null,
        name varchar(255),
        user_id bigint,
        primary key (id)
    )
Hibernate: 
    
    create table reserve (
       id bigint not null,
        reserve_date date,
        actress_id bigint,
        producer_id bigint,
        primary key (id)
    )
Hibernate: 
    
    create table user (
       id bigint not null,
        login varchar(255),
        password varchar(255),
        type_user_enumeration integer,
        primary key (id)
    )
Hibernate: 
    
    alter table actress 
       add constraint FKsbqwycy24obuyjeaxneuxrmo6 
       foreign key (user_id) 
       references user
Hibernate: 
    
    alter table producer 
       add constraint FK8h3icuevpocgjlx5s8gd8myvc 
       foreign key (user_id) 
       references user
Hibernate: 
    
    alter table reserve 
       add constraint FKggcb5tq05rio5pefaoqed1rns 
       foreign key (actress_id) 
       references actress
Hibernate: 
    
    alter table reserve 
       add constraint FKgapg0q3gao8xbj0apbvtk7dkv 
       foreign key (producer_id) 
       references producer
2020-11-10 16:23:29.478  INFO 13719 --- [         task-1] o.h.e.t.j.p.i.JtaPlatformInitiator       : HHH000490: Using JtaPlatform implementation: [org.hibernate.engine.transaction.jta.platform.internal.NoJtaPlatform]
2020-11-10 16:23:29.487  INFO 13719 --- [         task-1] j.LocalContainerEntityManagerFactoryBean : Initialized JPA EntityManagerFactory for persistence unit 'default'
2020-11-10 16:23:29.932  INFO 13719 --- [    Test worker] DeferredRepositoryInitializationListener : Spring Data repositories initialized!
2020-11-10 16:23:29.942  INFO 13719 --- [    Test worker] c.c.r.RemotecontrollerApplicationTests   : Started RemotecontrollerApplicationTests in 5.907 seconds (JVM running for 9.14)
]]></system-out>
  <system-err><![CDATA[]]></system-err>
</testsuite>
